#
# There is insufficient memory for the Java Runtime Environment to continue.
# Native memory allocation (malloc) failed to allocate 32744 bytes for ChunkPool::allocate
# Possible reasons:
#   The system is out of physical RAM or swap space
#   The process is running with CompressedOops enabled, and the Java Heap may be blocking the growth of the native heap
# Possible solutions:
#   Reduce memory load on the system
#   Increase physical memory or swap space
#   Check if swap backing store is full
#   Decrease Java heap size (-Xmx/-Xms)
#   Decrease number of Java threads
#   Decrease Java thread stack sizes (-Xss)
#   Set larger code cache with -XX:ReservedCodeCacheSize=
#   JVM is running with Zero Based Compressed Oops mode in which the Java heap is
#     placed in the first 32GB address space. The Java Heap base address is the
#     maximum limit for the native heap growth. Please use -XX:HeapBaseMinAddress
#     to set the Java Heap base and to place the Java Heap above 32GB virtual address.
# This output file may be truncated or incomplete.
#
#  Out of Memory Error (allocation.cpp:272), pid=13560, tid=0x00000000000038b4
#
# JRE version: OpenJDK Runtime Environment (8.0_202-b03) (build 1.8.0_202-release-1483-b03)
# Java VM: OpenJDK 64-Bit Server VM (25.202-b03 mixed mode windows-amd64 compressed oops)
# Failed to write core dump. Minidumps are not enabled by default on client versions of Windows
#

---------------  T H R E A D  ---------------

Current thread (0x000000001c8cb800):  JavaThread "C2 CompilerThread0" daemon [_thread_in_native, id=14516, stack(0x000000001de10000,0x000000001df10000)]

Stack: [0x000000001de10000,0x000000001df10000]
[error occurred during error reporting (printing stack bounds), id 0xc0000005]

Native frames: (J=compiled Java code, j=interpreted, Vv=VM code, C=native code)


Current CompileTask:
C2:5921883 48970       4       java.net.URLClassLoader$1::run (5 bytes)


---------------  P R O C E S S  ---------------

Java Threads: ( => current thread )
  0x000000002f090800 JavaThread "Build operations Thread 4" [_thread_blocked, id=13732, stack(0x000000004fc60000,0x000000004fd60000)]
  0x000000002f097000 JavaThread "Build operations Thread 3" [_thread_blocked, id=9280, stack(0x000000004fb60000,0x000000004fc60000)]
  0x000000002f092000 JavaThread "Build operations Thread 2" [_thread_blocked, id=6308, stack(0x000000004fa60000,0x000000004fb60000)]
  0x000000002f091000 JavaThread "Build operations" [_thread_blocked, id=3404, stack(0x000000004f960000,0x000000004fa60000)]
  0x000000002f095800 JavaThread "Cache worker for cache directory md-rule (C:\Users\agung.hidayat\.gradle\caches\5.1.1\md-rule)" [_thread_blocked, id=7952, stack(0x000000004f860000,0x000000004f960000)]
  0x0000000023fcb000 JavaThread "Cache worker for cache directory md-supplier (C:\Users\agung.hidayat\.gradle\caches\5.1.1\md-supplier)" [_thread_blocked, id=9852, stack(0x000000004f760000,0x000000004f860000)]
  0x0000000023fc9000 JavaThread "Cache worker for file hash cache (D:\ghqp\repo\Android\FPRS_\FPRS_MDTL\.gradle\5.1.1\fileHashes)" [_thread_blocked, id=2804, stack(0x000000004f660000,0x000000004f760000)]
  0x0000000023fc0800 JavaThread "Thread-400" [_thread_blocked, id=13688, stack(0x000000004f560000,0x000000004f660000)]
  0x0000000023fc7800 JavaThread "Stdin handler" [_thread_blocked, id=8752, stack(0x000000004f460000,0x000000004f560000)]
  0x0000000023fc6800 JavaThread "Asynchronous log dispatcher for DefaultDaemonConnection: socket connection from /127.0.0.1:10664 to /127.0.0.1:13417" [_thread_blocked, id=6448, stack(0x000000004f360000,0x000000004f460000)]
  0x0000000023fbf000 JavaThread "Daemon worker Thread 14" [_thread_in_vm, id=2012, stack(0x000000004f260000,0x000000004f360000)]
  0x0000000023fbd800 JavaThread "Cancel handler" [_thread_blocked, id=6200, stack(0x000000004f160000,0x000000004f260000)]
  0x0000000023fbe000 JavaThread "Handler for socket connection from /127.0.0.1:10664 to /127.0.0.1:13417" [_thread_in_native, id=6148, stack(0x000000004f060000,0x000000004f160000)]
  0x0000000023fc3800 JavaThread "Daemon Thread 14" [_thread_blocked, id=10812, stack(0x000000004ef60000,0x000000004f060000)]
  0x0000000024456800 JavaThread "Cache worker for Java compile cache (C:\Users\agung.hidayat\.gradle\caches\5.1.1\javaCompile)" [_thread_blocked, id=15540, stack(0x000000002d3c0000,0x000000002d4c0000)]
  0x000000002444a800 JavaThread "Cache worker for file content cache (C:\Users\agung.hidayat\.gradle\caches\5.1.1\fileContent)" [_thread_blocked, id=15632, stack(0x000000002c8c0000,0x000000002c9c0000)]
  0x000000001fde2800 JavaThread "Memory manager" [_thread_blocked, id=3780, stack(0x000000002a8c0000,0x000000002a9c0000)]
  0x000000001fddf800 JavaThread "Cache worker for execution history cache (C:\Users\agung.hidayat\.gradle\caches\5.1.1\executionHistory)" [_thread_blocked, id=10376, stack(0x0000000026480000,0x0000000026580000)]
  0x000000001e895800 JavaThread "Cache worker for journal cache (C:\Users\agung.hidayat\.gradle\caches\journal-1)" [_thread_blocked, id=5136, stack(0x0000000022230000,0x0000000022330000)]
  0x000000001e894000 JavaThread "File lock request listener" [_thread_in_native, id=17340, stack(0x0000000022130000,0x0000000022230000)]
  0x000000001fac6000 JavaThread "Cache worker for file hash cache (C:\Users\agung.hidayat\.gradle\caches\5.1.1\fileHashes)" [_thread_blocked, id=17140, stack(0x0000000022030000,0x0000000022130000)]
  0x000000001e4ca800 JavaThread "Daemon periodic checks" [_thread_blocked, id=13584, stack(0x0000000021e30000,0x0000000021f30000)]
  0x000000001e7fb000 JavaThread "Incoming local TCP Connector on port 10664" [_thread_in_native, id=17196, stack(0x00000000213f0000,0x00000000214f0000)]
  0x000000001e140800 JavaThread "Service Thread" daemon [_thread_blocked, id=9844, stack(0x000000001e510000,0x000000001e610000)]
  0x000000001c8e0800 JavaThread "C1 CompilerThread2" daemon [_thread_blocked, id=6028, stack(0x000000001e010000,0x000000001e110000)]
  0x000000001c8d0000 JavaThread "C2 CompilerThread1" daemon [_thread_in_native, id=10392, stack(0x000000001df10000,0x000000001e010000)]
=>0x000000001c8cb800 JavaThread "C2 CompilerThread0" daemon [_thread_in_native, id=14516, stack(0x000000001de10000,0x000000001df10000)]
  0x000000001c8ca000 JavaThread "Attach Listener" daemon [_thread_blocked, id=13920, stack(0x000000001dd10000,0x000000001de10000)]
  0x000000001c8c9000 JavaThread "Signal Dispatcher" daemon [_thread_blocked, id=13016, stack(0x000000001dc10000,0x000000001dd10000)]
  0x00000000031eb800 JavaThread "Finalizer" daemon [_thread_blocked, id=16088, stack(0x000000001db10000,0x000000001dc10000)]
  0x000000001c8a9000 JavaThread "Reference Handler" daemon [_thread_blocked, id=16652, stack(0x000000001da10000,0x000000001db10000)]
  0x00000000030f5000 JavaThread "main" [_thread_blocked, id=10916, stack(0x0000000002ff0000,0x00000000030f0000)]

Other Threads:
  0x000000001c886800 VMThread [stack: 0x000000001d910000,0x000000001da10000] [id=15816]
  0x000000001e145000 WatcherThread [stack: 0x000000001e610000,0x000000001e710000] [id=16756]

VM state:not at safepoint (normal execution)

VM Mutex/Monitor currently owned by a thread: None

heap address: 0x00000006c0000000, size: 4096 MB, Compressed Oops mode: Zero based, Oop shift amount: 3
Narrow klass base: 0x0000000000000000, Narrow klass shift: 3
Compressed class space size: 1073741824 Address: 0x00000007c0000000

Heap:
 PSYoungGen      total 1178624K, used 1050352K [0x000000076ab00000, 0x00000007bf980000, 0x00000007c0000000)
  eden space 1143808K, 88% used [0x000000076ab00000,0x00000007a8b241f0,0x00000007b0800000)
  from space 34816K, 98% used [0x00000007b0800000,0x00000007b2997ef8,0x00000007b2a00000)
  to   space 123392K, 0% used [0x00000007b8100000,0x00000007b8100000,0x00000007bf980000)
 ParOldGen       total 329728K, used 296121K [0x00000006c0000000, 0x00000006d4200000, 0x000000076ab00000)
  object space 329728K, 89% used [0x00000006c0000000,0x00000006d212e6e0,0x00000006d4200000)
 Metaspace       used 160243K, capacity 175834K, committed 176088K, reserved 1202176K
  class space    used 19963K, capacity 22721K, committed 22784K, reserved 1048576K

Card table byte_map: [0x00000000125b0000,0x0000000012dc0000] byte_map_base: 0x000000000efb0000

Marking Bits: (ParMarkBitMap*) 0x0000000077119f30
 Begin Bits: [0x0000000013720000, 0x0000000017720000)
 End Bits:   [0x0000000017720000, 0x000000001b720000)

Polling page: 0x0000000000bf0000

CodeCache: size=245760Kb used=131751Kb max_used=132089Kb free=114008Kb
 bounds [0x00000000031f0000, 0x000000000b3c0000, 0x00000000121f0000]
 total_blobs=35344 nmethods=34404 adapters=850
 compilation: enabled

Compilation events (10 events):
Event: 5920.832 Thread 0x000000001c8cb800 nmethod 48967 0x0000000005453cd0 code [0x0000000005453e40, 0x0000000005453fc8]
Event: 5921.081 Thread 0x000000001c8cb800 48968       4       java.io.DataOutputStream::writeShort (35 bytes)
Event: 5921.083 Thread 0x000000001c8cb800 nmethod 48968 0x0000000006a0e9d0 code [0x0000000006a0eb20, 0x0000000006a0ebf8]
Event: 5921.245 Thread 0x000000001c8e0800 48969   !   3       java.io.InputStreamReader::<init> (32 bytes)
Event: 5921.246 Thread 0x000000001c8e0800 nmethod 48969 0x0000000005453490 code [0x0000000005453640, 0x0000000005453ac8]
Event: 5921.248 Thread 0x000000001c8d0000 nmethod 48943 0x000000000863e5d0 code [0x000000000863f3c0, 0x000000000864a008]
Event: 5921.302 Thread 0x000000001c8cb800 48970       4       java.net.URLClassLoader$1::run (5 bytes)
Event: 5921.306 Thread 0x000000001c8d0000 48971   !   4       java.net.URLClassLoader$1::run (63 bytes)
Event: 5921.603 Thread 0x000000001c8e0800 48972       3       sun.misc.ProxyGenerator::generateStaticInitializer (457 bytes)
Event: 5921.613 Thread 0x000000001c8e0800 nmethod 48972 0x0000000008a90ad0 code [0x0000000008a91620, 0x0000000008a99668]

GC Heap History (10 events):
Event: 5494.791 GC heap before
{Heap before GC invocations=72 (full 5):
 PSYoungGen      total 1290240K, used 1272118K [0x000000076ab00000, 0x00000007c0000000, 0x00000007c0000000)
  eden space 1196032K, 100% used [0x000000076ab00000,0x00000007b3b00000,0x00000007b3b00000)
  from space 94208K, 80% used [0x00000007ba400000,0x00000007bee4d808,0x00000007c0000000)
  to   space 100864K, 0% used [0x00000007b3b00000,0x00000007b3b00000,0x00000007b9d80000)
 ParOldGen       total 329728K, used 247876K [0x00000006c0000000, 0x00000006d4200000, 0x000000076ab00000)
  object space 329728K, 75% used [0x00000006c0000000,0x00000006cf2113f0,0x00000006d4200000)
 Metaspace       used 152910K, capacity 166712K, committed 167000K, reserved 1193984K
  class space    used 19078K, capacity 21570K, committed 21632K, reserved 1048576K
Event: 5494.861 GC heap after
Heap after GC invocations=72 (full 5):
 PSYoungGen      total 1280000K, used 83656K [0x000000076ab00000, 0x00000007c0000000, 0x00000007c0000000)
  eden space 1196032K, 0% used [0x000000076ab00000,0x000000076ab00000,0x00000007b3b00000)
  from space 83968K, 99% used [0x00000007b3b00000,0x00000007b8cb2060,0x00000007b8d00000)
  to   space 109056K, 0% used [0x00000007b9580000,0x00000007b9580000,0x00000007c0000000)
 ParOldGen       total 329728K, used 247908K [0x00000006c0000000, 0x00000006d4200000, 0x000000076ab00000)
  object space 329728K, 75% used [0x00000006c0000000,0x00000006cf2193f0,0x00000006d4200000)
 Metaspace       used 152910K, capacity 166712K, committed 167000K, reserved 1193984K
  class space    used 19078K, capacity 21570K, committed 21632K, reserved 1048576K
}
Event: 5496.410 GC heap before
{Heap before GC invocations=73 (full 5):
 PSYoungGen      total 1280000K, used 1279688K [0x000000076ab00000, 0x00000007c0000000, 0x00000007c0000000)
  eden space 1196032K, 100% used [0x000000076ab00000,0x00000007b3b00000,0x00000007b3b00000)
  from space 83968K, 99% used [0x00000007b3b00000,0x00000007b8cb2060,0x00000007b8d00000)
  to   space 109056K, 0% used [0x00000007b9580000,0x00000007b9580000,0x00000007c0000000)
 ParOldGen       total 329728K, used 247908K [0x00000006c0000000, 0x00000006d4200000, 0x000000076ab00000)
  object space 329728K, 75% used [0x00000006c0000000,0x00000006cf2193f0,0x00000006d4200000)
 Metaspace       used 152912K, capacity 166712K, committed 167000K, reserved 1193984K
  class space    used 19078K, capacity 21570K, committed 21632K, reserved 1048576K
Event: 5496.501 GC heap after
Heap after GC invocations=73 (full 5):
 PSYoungGen      total 1276416K, used 83207K [0x000000076ab00000, 0x00000007c0000000, 0x00000007c0000000)
  eden space 1167360K, 0% used [0x000000076ab00000,0x000000076ab00000,0x00000007b1f00000)
  from space 109056K, 76% used [0x00000007b9580000,0x00000007be6c1d98,0x00000007c0000000)
  to   space 115200K, 0% used [0x00000007b1f00000,0x00000007b1f00000,0x00000007b8f80000)
 ParOldGen       total 329728K, used 248280K [0x00000006c0000000, 0x00000006d4200000, 0x000000076ab00000)
  object space 329728K, 75% used [0x00000006c0000000,0x00000006cf276318,0x00000006d4200000)
 Metaspace       used 152912K, capacity 166712K, committed 167000K, reserved 1193984K
  class space    used 19078K, capacity 21570K, committed 21632K, reserved 1048576K
}
Event: 5502.877 GC heap before
{Heap before GC invocations=74 (full 5):
 PSYoungGen      total 1276416K, used 1250567K [0x000000076ab00000, 0x00000007c0000000, 0x00000007c0000000)
  eden space 1167360K, 100% used [0x000000076ab00000,0x00000007b1f00000,0x00000007b1f00000)
  from space 109056K, 76% used [0x00000007b9580000,0x00000007be6c1d98,0x00000007c0000000)
  to   space 115200K, 0% used [0x00000007b1f00000,0x00000007b1f00000,0x00000007b8f80000)
 ParOldGen       total 329728K, used 248280K [0x00000006c0000000, 0x00000006d4200000, 0x000000076ab00000)
  object space 329728K, 75% used [0x00000006c0000000,0x00000006cf276318,0x00000006d4200000)
 Metaspace       used 153586K, capacity 167476K, committed 167640K, reserved 1196032K
  class space    used 19167K, capacity 21656K, committed 21760K, reserved 1048576K
Event: 5503.003 GC heap after
Heap after GC invocations=74 (full 5):
 PSYoungGen      total 1268736K, used 101230K [0x000000076ab00000, 0x00000007c0000000, 0x00000007c0000000)
  eden space 1167360K, 0% used [0x000000076ab00000,0x000000076ab00000,0x00000007b1f00000)
  from space 101376K, 99% used [0x00000007b1f00000,0x00000007b81db820,0x00000007b8200000)
  to   space 126464K, 0% used [0x00000007b8480000,0x00000007b8480000,0x00000007c0000000)
 ParOldGen       total 329728K, used 287975K [0x00000006c0000000, 0x00000006d4200000, 0x000000076ab00000)
  object space 329728K, 87% used [0x00000006c0000000,0x00000006d1939d10,0x00000006d4200000)
 Metaspace       used 153586K, capacity 167476K, committed 167640K, reserved 1196032K
  class space    used 19167K, capacity 21656K, committed 21760K, reserved 1048576K
}
Event: 5523.183 GC heap before
{Heap before GC invocations=75 (full 5):
 PSYoungGen      total 1268736K, used 1268590K [0x000000076ab00000, 0x00000007c0000000, 0x00000007c0000000)
  eden space 1167360K, 100% used [0x000000076ab00000,0x00000007b1f00000,0x00000007b1f00000)
  from space 101376K, 99% used [0x00000007b1f00000,0x00000007b81db820,0x00000007b8200000)
  to   space 126464K, 0% used [0x00000007b8480000,0x00000007b8480000,0x00000007c0000000)
 ParOldGen       total 329728K, used 287975K [0x00000006c0000000, 0x00000006d4200000, 0x000000076ab00000)
  object space 329728K, 87% used [0x00000006c0000000,0x00000006d1939d10,0x00000006d4200000)
 Metaspace       used 154682K, capacity 168830K, committed 169048K, reserved 1196032K
  class space    used 19299K, capacity 21825K, committed 21888K, reserved 1048576K
Event: 5523.206 GC heap after
Heap after GC invocations=75 (full 5):
 PSYoungGen      total 1270272K, used 15777K [0x000000076ab00000, 0x00000007c0000000, 0x00000007c0000000)
  eden space 1143808K, 0% used [0x000000076ab00000,0x000000076ab00000,0x00000007b0800000)
  from space 126464K, 12% used [0x00000007b8480000,0x00000007b93e8518,0x00000007c0000000)
  to   space 126976K, 0% used [0x00000007b0800000,0x00000007b0800000,0x00000007b8400000)
 ParOldGen       total 329728K, used 295665K [0x00000006c0000000, 0x00000006d4200000, 0x000000076ab00000)
  object space 329728K, 89% used [0x00000006c0000000,0x00000006d20bc480,0x00000006d4200000)
 Metaspace       used 154682K, capacity 168830K, committed 169048K, reserved 1196032K
  class space    used 19299K, capacity 21825K, committed 21888K, reserved 1048576K
}
Event: 5556.896 GC heap before
{Heap before GC invocations=76 (full 5):
 PSYoungGen      total 1270272K, used 1159585K [0x000000076ab00000, 0x00000007c0000000, 0x00000007c0000000)
  eden space 1143808K, 100% used [0x000000076ab00000,0x00000007b0800000,0x00000007b0800000)
  from space 126464K, 12% used [0x00000007b8480000,0x00000007b93e8518,0x00000007c0000000)
  to   space 126976K, 0% used [0x00000007b0800000,0x00000007b0800000,0x00000007b8400000)
 ParOldGen       total 329728K, used 295665K [0x00000006c0000000, 0x00000006d4200000, 0x000000076ab00000)
  object space 329728K, 89% used [0x00000006c0000000,0x00000006d20bc480,0x00000006d4200000)
 Metaspace       used 154858K, capacity 169052K, committed 169304K, reserved 1196032K
  class space    used 19310K, capacity 21846K, committed 21888K, reserved 1048576K
Event: 5556.924 GC heap after
Heap after GC invocations=76 (full 5):
 PSYoungGen      total 1178624K, used 34399K [0x000000076ab00000, 0x00000007bf980000, 0x00000007c0000000)
  eden space 1143808K, 0% used [0x000000076ab00000,0x000000076ab00000,0x00000007b0800000)
  from space 34816K, 98% used [0x00000007b0800000,0x00000007b2997ef8,0x00000007b2a00000)
  to   space 123392K, 0% used [0x00000007b8100000,0x00000007b8100000,0x00000007bf980000)
 ParOldGen       total 329728K, used 296121K [0x00000006c0000000, 0x00000006d4200000, 0x000000076ab00000)
  object space 329728K, 89% used [0x00000006c0000000,0x00000006d212e6e0,0x00000006d4200000)
 Metaspace       used 154858K, capacity 169052K, committed 169304K, reserved 1196032K
  class space    used 19310K, capacity 21846K, committed 21888K, reserved 1048576K
}

Deoptimization events (10 events):
Event: 5740.258 Thread 0x000000002f09b800 Uncommon trap: reason=unstable_if action=reinterpret pc=0x00000000069617cc method=com.sun.crypto.provider.GaloisCounterMode.increment32([B)V @ 39
Event: 5741.439 Thread 0x000000002f098000 Uncommon trap: reason=null_check action=make_not_entrant pc=0x0000000007740d1c method=org.gradle.api.internal.artifacts.ivyservice.modulecache.artifacts.DefaultModuleArtifactsCache.get(Lorg/gradle/api/internal/artifacts/ivyservice/modulecache/artifacts/Ar
Event: 5741.439 Thread 0x000000002f098000 Uncommon trap: reason=unstable_if action=reinterpret pc=0x0000000008a83b38 method=org.gradle.api.internal.artifacts.ivyservice.modulecache.artifacts.AbstractArtifactsCache.getCachedArtifacts(Lorg/gradle/api/internal/artifacts/ivyservice/ivyresolve/ModuleC
Event: 5741.439 Thread 0x000000002f098000 Uncommon trap: reason=unstable_if action=reinterpret pc=0x0000000008a6e958 method=org.gradle.api.internal.artifacts.ivyservice.ivyresolve.RepositoryChainArtifactResolver.resolveArtifactsWithType(Lorg/gradle/internal/component/model/ComponentResolveMetadat
Event: 5752.985 Thread 0x0000000023fc0800 Uncommon trap: reason=bimorphic action=maybe_recompile pc=0x000000000afd4ee0 method=java.util.AbstractSet.removeAll(Ljava/util/Collection;)Z @ 8
Event: 5893.077 Thread 0x0000000023fbf000 Uncommon trap: reason=unstable_if action=reinterpret pc=0x0000000006750710 method=java.util.Formatter$FormatSpecifier.precision(Ljava/lang/String;)I @ 6
Event: 5893.077 Thread 0x0000000023fbf000 Uncommon trap: reason=unstable_if action=reinterpret pc=0x0000000008b23c44 method=java.util.Formatter$FormatSpecifier.checkNumeric()V @ 32
Event: 5897.719 Thread 0x0000000023fbf000 Uncommon trap: reason=unstable_if action=reinterpret pc=0x0000000006779578 method=java.util.Formatter$FormatSpecifier.precision(Ljava/lang/String;)I @ 6
Event: 5916.201 Thread 0x0000000023fbf000 Uncommon trap: reason=unstable_if action=reinterpret pc=0x000000000aec12b0 method=sun.misc.FloatingDecimal$BinaryToASCIIBuffer.dtoa(IJIZ)V @ 859
Event: 5919.669 Thread 0x0000000023fbf000 Uncommon trap: reason=unstable_if action=reinterpret pc=0x000000000348eed0 method=com.esotericsoftware.kryo.io.Output.writeVarLong(JZ)I @ 121

Classes redefined (0 events):
No events

Internal exceptions (10 events):
Event: 5920.521 Thread 0x0000000023fbf000 Exception <a 'java/security/PrivilegedActionException'> (0x00000007a64384e0) thrown at [D:\src\AOSP-openjdk-cygwin\jdk8u\hotspot\src\share\vm\prims\jvm.cpp, line 1508]
Event: 5920.521 Thread 0x0000000023fbf000 Exception <a 'java/security/PrivilegedActionException'> (0x00000007a6439260) thrown at [D:\src\AOSP-openjdk-cygwin\jdk8u\hotspot\src\share\vm\prims\jvm.cpp, line 1508]
Event: 5920.521 Thread 0x0000000023fbf000 Exception <a 'java/security/PrivilegedActionException'> (0x00000007a643c2f8) thrown at [D:\src\AOSP-openjdk-cygwin\jdk8u\hotspot\src\share\vm\prims\jvm.cpp, line 1508]
Event: 5920.521 Thread 0x0000000023fbf000 Exception <a 'java/security/PrivilegedActionException'> (0x00000007a643d078) thrown at [D:\src\AOSP-openjdk-cygwin\jdk8u\hotspot\src\share\vm\prims\jvm.cpp, line 1508]
Event: 5920.521 Thread 0x0000000023fbf000 Exception <a 'java/security/PrivilegedActionException'> (0x00000007a64402f0) thrown at [D:\src\AOSP-openjdk-cygwin\jdk8u\hotspot\src\share\vm\prims\jvm.cpp, line 1508]
Event: 5920.521 Thread 0x0000000023fbf000 Exception <a 'java/security/PrivilegedActionException'> (0x00000007a6441070) thrown at [D:\src\AOSP-openjdk-cygwin\jdk8u\hotspot\src\share\vm\prims\jvm.cpp, line 1508]
Event: 5920.586 Thread 0x0000000023fbf000 Exception <a 'java/lang/ClassNotFoundException': build_284rbwydtxghuhwmgrczwuf5fBeanInfo> (0x00000007a673e3b0) thrown at [D:\src\AOSP-openjdk-cygwin\jdk8u\hotspot\src\share\vm\classfile\systemDictionary.cpp, line 210]
Event: 5920.587 Thread 0x0000000023fbf000 Exception <a 'java/lang/ClassNotFoundException': build_284rbwydtxghuhwmgrczwuf5fCustomizer> (0x00000007a6749628) thrown at [D:\src\AOSP-openjdk-cygwin\jdk8u\hotspot\src\share\vm\classfile\systemDictionary.cpp, line 210]
Event: 5920.847 Thread 0x0000000023fbf000 Exception <a 'java/lang/ClassNotFoundException': build_6ycnon7j68foar84fcxukdkxaBeanInfo> (0x00000007a71f7620) thrown at [D:\src\AOSP-openjdk-cygwin\jdk8u\hotspot\src\share\vm\classfile\systemDictionary.cpp, line 210]
Event: 5920.847 Thread 0x0000000023fbf000 Exception <a 'java/lang/ClassNotFoundException': build_6ycnon7j68foar84fcxukdkxaCustomizer> (0x00000007a7202898) thrown at [D:\src\AOSP-openjdk-cygwin\jdk8u\hotspot\src\share\vm\classfile\systemDictionary.cpp, line 210]

Events (10 events):
Event: 5921.781 loading class com/google/common/collect/ArrayListMultimap
Event: 5921.781 loading class com/google/common/collect/ArrayListMultimap done
Event: 5921.782 loading class com/google/common/collect/ArrayListMultimapGwtSerializationDependencies
Event: 5921.782 loading class com/google/common/collect/ArrayListMultimapGwtSerializationDependencies done
Event: 5921.782 loading class com/google/common/collect/AbstractListMultimap
Event: 5921.782 loading class com/google/common/collect/AbstractListMultimap done
Event: 5921.783 loading class com/google/common/collect/AbstractMapBasedMultimap
Event: 5921.783 loading class com/google/common/collect/AbstractMapBasedMultimap done
Event: 5921.784 loading class com/google/common/collect/AbstractMultimap
Event: 5921.784 loading class com/google/common/collect/AbstractMultimap done


Dynamic libraries:
0x00007ff6b8b00000 - 0x00007ff6b8b31000 	C:\Program Files\Android\Android Studio\jre\bin\java.exe
0x00007ffbfc260000 - 0x00007ffbfc441000 	C:\WINDOWS\SYSTEM32\ntdll.dll
0x00007ffbf9840000 - 0x00007ffbf98f1000 	C:\WINDOWS\System32\KERNEL32.DLL
0x00007ffbf9210000 - 0x00007ffbf9483000 	C:\WINDOWS\System32\KERNELBASE.dll
0x00007ffbfa510000 - 0x00007ffbfa5b1000 	C:\WINDOWS\System32\ADVAPI32.dll
0x00007ffbfa5c0000 - 0x00007ffbfa65e000 	C:\WINDOWS\System32\msvcrt.dll
0x00007ffbf9760000 - 0x00007ffbf97bb000 	C:\WINDOWS\System32\sechost.dll
0x00007ffbfa190000 - 0x00007ffbfa2b4000 	C:\WINDOWS\System32\RPCRT4.dll
0x00007ffbf9f10000 - 0x00007ffbfa0a0000 	C:\WINDOWS\System32\USER32.dll
0x00007ffbf88f0000 - 0x00007ffbf8910000 	C:\WINDOWS\System32\win32u.dll
0x00007ffbf96b0000 - 0x00007ffbf96d8000 	C:\WINDOWS\System32\GDI32.dll
0x00007ffbf9510000 - 0x00007ffbf96a1000 	C:\WINDOWS\System32\gdi32full.dll
0x00007ffbf85f0000 - 0x00007ffbf868f000 	C:\WINDOWS\System32\msvcp_win.dll
0x00007ffbf8690000 - 0x00007ffbf8788000 	C:\WINDOWS\System32\ucrtbase.dll
0x00007ffbe0fb0000 - 0x00007ffbe1219000 	C:\WINDOWS\WinSxS\amd64_microsoft.windows.common-controls_6595b64144ccf1df_6.0.17134.1006_none_d3fbb8f77c940c3f\COMCTL32.dll
0x00007ffbfbed0000 - 0x00007ffbfc1f1000 	C:\WINDOWS\System32\combase.dll
0x00007ffbf9490000 - 0x00007ffbf9509000 	C:\WINDOWS\System32\bcryptPrimitives.dll
0x00007ffbfbe10000 - 0x00007ffbfbe3d000 	C:\WINDOWS\System32\IMM32.DLL
0x0000000077850000 - 0x0000000077922000 	C:\Program Files\Android\Android Studio\jre\jre\bin\msvcr100.dll
0x0000000076950000 - 0x0000000077196000 	C:\Program Files\Android\Android Studio\jre\jre\bin\server\jvm.dll
0x00007ffbfbec0000 - 0x00007ffbfbec8000 	C:\WINDOWS\System32\PSAPI.DLL
0x00007ffbf7620000 - 0x00007ffbf762a000 	C:\WINDOWS\SYSTEM32\VERSION.dll
0x00007ffbe3190000 - 0x00007ffbe3199000 	C:\WINDOWS\SYSTEM32\WSOCK32.dll
0x00007ffbf96f0000 - 0x00007ffbf975c000 	C:\WINDOWS\System32\WS2_32.dll
0x00007ffbe8190000 - 0x00007ffbe81b3000 	C:\WINDOWS\SYSTEM32\WINMM.dll
0x00007ffbe8160000 - 0x00007ffbe818a000 	C:\WINDOWS\SYSTEM32\winmmbase.dll
0x00007ffbf8790000 - 0x00007ffbf87d9000 	C:\WINDOWS\System32\cfgmgr32.dll
0x00007ffbf19c0000 - 0x00007ffbf19cf000 	C:\Program Files\Android\Android Studio\jre\jre\bin\verify.dll
0x00007ffba7280000 - 0x00007ffba72a9000 	C:\Program Files\Android\Android Studio\jre\jre\bin\java.dll
0x00007ffba7c60000 - 0x00007ffba7c76000 	C:\Program Files\Android\Android Studio\jre\jre\bin\zip.dll
0x00007ffbfa700000 - 0x00007ffbfbb42000 	C:\WINDOWS\System32\SHELL32.dll
0x00007ffbfbb50000 - 0x00007ffbfbbf9000 	C:\WINDOWS\System32\shcore.dll
0x00007ffbf8b00000 - 0x00007ffbf920e000 	C:\WINDOWS\System32\windows.storage.dll
0x00007ffbf9900000 - 0x00007ffbf9951000 	C:\WINDOWS\System32\shlwapi.dll
0x00007ffbf8570000 - 0x00007ffbf8581000 	C:\WINDOWS\System32\kernel.appcore.dll
0x00007ffbf8530000 - 0x00007ffbf854f000 	C:\WINDOWS\System32\profapi.dll
0x00007ffbf8590000 - 0x00007ffbf85dc000 	C:\WINDOWS\System32\powrprof.dll
0x00007ffbf85e0000 - 0x00007ffbf85ea000 	C:\WINDOWS\System32\FLTLIB.DLL
0x00007ffba7260000 - 0x00007ffba727a000 	C:\Program Files\Android\Android Studio\jre\jre\bin\net.dll
0x00007ffbf7d00000 - 0x00007ffbf7d66000 	C:\WINDOWS\system32\mswsock.dll
0x00007ffba7240000 - 0x00007ffba7251000 	C:\Program Files\Android\Android Studio\jre\jre\bin\nio.dll
0x00007ffbe58c0000 - 0x00007ffbe58de000 	C:\Users\agung.hidayat\.gradle\native\25\windows-amd64\native-platform.dll
0x00007ffbde020000 - 0x00007ffbde02d000 	C:\Program Files\Android\Android Studio\jre\jre\bin\management.dll
0x00007ffbf7f60000 - 0x00007ffbf7f77000 	C:\WINDOWS\SYSTEM32\CRYPTSP.dll
0x00007ffbf78c0000 - 0x00007ffbf78f3000 	C:\WINDOWS\system32\rsaenh.dll
0x00007ffbf8090000 - 0x00007ffbf80b5000 	C:\WINDOWS\SYSTEM32\bcrypt.dll
0x00007ffbf8460000 - 0x00007ffbf8488000 	C:\WINDOWS\SYSTEM32\USERENV.dll
0x00007ffbf7e60000 - 0x00007ffbf7e6b000 	C:\WINDOWS\SYSTEM32\CRYPTBASE.dll
0x00007ffbf7a60000 - 0x00007ffbf7a98000 	C:\WINDOWS\SYSTEM32\IPHLPAPI.DLL
0x00007ffbfbe00000 - 0x00007ffbfbe08000 	C:\WINDOWS\System32\NSI.dll
0x00007ffbf5510000 - 0x00007ffbf5526000 	C:\WINDOWS\SYSTEM32\dhcpcsvc6.DLL
0x00007ffbf54f0000 - 0x00007ffbf550a000 	C:\WINDOWS\SYSTEM32\dhcpcsvc.DLL
0x00007ffbc7000000 - 0x00007ffbc7024000 	C:\Program Files\Android\Android Studio\jre\jre\bin\sunec.dll
0x00007ffbf7aa0000 - 0x00007ffbf7b5e000 	C:\WINDOWS\SYSTEM32\DNSAPI.dll
0x00007ffbf0aa0000 - 0x00007ffbf0aaa000 	C:\Windows\System32\rasadhlp.dll
0x00007ffbf3c80000 - 0x00007ffbf3cf2000 	C:\WINDOWS\System32\fwpuclnt.dll
0x00007ffbe81e0000 - 0x00007ffbe81eb000 	C:\Program Files\Android\Android Studio\jre\jre\bin\sunmscapi.dll
0x00007ffbf8910000 - 0x00007ffbf8af2000 	C:\WINDOWS\System32\CRYPT32.dll
0x00007ffbf8550000 - 0x00007ffbf8562000 	C:\WINDOWS\System32\MSASN1.dll
0x00007ffbf73b0000 - 0x00007ffbf73e1000 	C:\WINDOWS\SYSTEM32\ntmarta.dll
0x00007ffbf51a0000 - 0x00007ffbf522b000 	C:\WINDOWS\system32\apphelp.dll

VM Arguments:
jvm_args: -XX:MaxPermSize=256m -XX:+HeapDumpOnOutOfMemoryError -Xmx4096m -Dfile.encoding=UTF-8 -Duser.country=ID -Duser.language=en -Duser.variant 
java_command: org.gradle.launcher.daemon.bootstrap.GradleDaemon 5.1.1
java_class_path (initial): C:\Users\agung.hidayat\.gradle\wrapper\dists\gradle-5.1.1-all\97z1ksx6lirer3kbvdnh7jtjg\gradle-5.1.1\lib\gradle-launcher-5.1.1.jar
Launcher Type: SUN_STANDARD

Environment Variables:
USERNAME=agung.hidayat
OS=Windows_NT
PROCESSOR_IDENTIFIER=Intel64 Family 6 Model 142 Stepping 9, GenuineIntel



---------------  S Y S T E M  ---------------

OS: Windows 10.0 , 64 bit Build 17134 (10.0.17134.753)

CPU:total 4 (initial active 4) (2 cores per cpu, 2 threads per core) family 6 model 142 stepping 9, cmov, cx8, fxsr, mmx, sse, sse2, sse3, ssse3, sse4.1, sse4.2, popcnt, avx, avx2, aes, clmul, erms, 3dnowpref, lzcnt, ht, tsc, tscinvbit, bmi1, bmi2, adx

Memory: 4k page, physical 8283344k(500936k free), swap 10236112k(3956k free)

vm_info: OpenJDK 64-Bit Server VM (25.202-b03) for windows-amd64 JRE (1.8.0_202-release-1483-b03), built by "builder" with MS VC++ 10.0 (VS2010)

time: Fri Oct 04 10:16:52 2019
timezone: SE Asia Standard Time
elapsed time: 5921 seconds (0d 1h 38m 41s)

